<?xml version="1.0" encoding="UTF-8"?>
<testsuite xmlns:xsi="http://www.w3.org/2001/XMLSchema-instance" xsi:noNamespaceSchemaLocation="https://maven.apache.org/surefire/maven-surefire-plugin/xsd/surefire-test-report-3.0.xsd" version="3.0" name="allianz.healthtourism.HealthTourismApplicationTests" time="3.445" tests="1" errors="0" skipped="0" failures="0">
  <properties>
[...]
</properties>
  <testcase name="contextLoads" classname="allianz.healthtourism.HealthTourismApplicationTests" time="0.323">
    <system-out><![CDATA[14:43:46.732 [main] INFO org.springframework.test.context.support.AnnotationConfigContextLoaderUtils -- Could not detect default configuration classes for test class [allianz.healthtourism.HealthTourismApplicationTests]: HealthTourismApplicationTests does not declare any static, non-private, non-final, nested classes annotated with @Configuration.
14:43:46.781 [main] INFO org.springframework.boot.test.context.SpringBootTestContextBootstrapper -- Found @SpringBootConfiguration allianz.healthtourism.HealthTourismApplication for test class allianz.healthtourism.HealthTourismApplicationTests

  .   ____          _            __ _ _
 /\\ / ___'_ __ _ _(_)_ __  __ _ \ \ \ \
( ( )\___ | '_ | '_| | '_ \/ _` | \ \ \ \
 \\/  ___)| |_)| | | | | || (_| |  ) ) ) )
  '  |____| .__|_| |_|_| |_\__, | / / / /
 =========|_|==============|___/=/_/_/_/
 :: Spring Boot ::                (v3.1.2)

2023-08-30T14:43:47.029+03:00  INFO 73045 --- [           main] a.h.HealthTourismApplicationTests        : Starting HealthTourismApplicationTests using Java 20.0.2 with PID 73045 (started by hakansaglam in /Users/hakansaglam/IdeaProjects/HealthTourism)
2023-08-30T14:43:47.030+03:00  INFO 73045 --- [           main] a.h.HealthTourismApplicationTests        : No active profile set, falling back to 1 default profile: "default"
2023-08-30T14:43:47.579+03:00  INFO 73045 --- [           main] .s.d.r.c.RepositoryConfigurationDelegate : Multiple Spring Data modules found, entering strict repository configuration mode
2023-08-30T14:43:47.580+03:00  INFO 73045 --- [           main] .s.d.r.c.RepositoryConfigurationDelegate : Bootstrapping Spring Data JDBC repositories in DEFAULT mode.
2023-08-30T14:43:47.600+03:00  INFO 73045 --- [           main] .RepositoryConfigurationExtensionSupport : Spring Data JDBC - Could not safely identify store assignment for repository candidate interface allianz.healthtourism.repository.AppointmentRepository; If you want this repository to be a JDBC repository, consider annotating your entities with one of these annotations: org.springframework.data.relational.core.mapping.Table.
2023-08-30T14:43:47.601+03:00  INFO 73045 --- [           main] .RepositoryConfigurationExtensionSupport : Spring Data JDBC - Could not safely identify store assignment for repository candidate interface allianz.healthtourism.repository.DoctorRepository; If you want this repository to be a JDBC repository, consider annotating your entities with one of these annotations: org.springframework.data.relational.core.mapping.Table.
2023-08-30T14:43:47.601+03:00  INFO 73045 --- [           main] .RepositoryConfigurationExtensionSupport : Spring Data JDBC - Could not safely identify store assignment for repository candidate interface allianz.healthtourism.repository.ExaminationRepository; If you want this repository to be a JDBC repository, consider annotating your entities with one of these annotations: org.springframework.data.relational.core.mapping.Table.
2023-08-30T14:43:47.602+03:00  INFO 73045 --- [           main] .RepositoryConfigurationExtensionSupport : Spring Data JDBC - Could not safely identify store assignment for repository candidate interface allianz.healthtourism.repository.FlightRepository; If you want this repository to be a JDBC repository, consider annotating your entities with one of these annotations: org.springframework.data.relational.core.mapping.Table.
2023-08-30T14:43:47.602+03:00  INFO 73045 --- [           main] .RepositoryConfigurationExtensionSupport : Spring Data JDBC - Could not safely identify store assignment for repository candidate interface allianz.healthtourism.repository.HealthServiceRepository; If you want this repository to be a JDBC repository, consider annotating your entities with one of these annotations: org.springframework.data.relational.core.mapping.Table.
2023-08-30T14:43:47.603+03:00  INFO 73045 --- [           main] .RepositoryConfigurationExtensionSupport : Spring Data JDBC - Could not safely identify store assignment for repository candidate interface allianz.healthtourism.repository.HotelRepository; If you want this repository to be a JDBC repository, consider annotating your entities with one of these annotations: org.springframework.data.relational.core.mapping.Table.
2023-08-30T14:43:47.603+03:00  INFO 73045 --- [           main] .RepositoryConfigurationExtensionSupport : Spring Data JDBC - Could not safely identify store assignment for repository candidate interface allianz.healthtourism.repository.PatientRepository; If you want this repository to be a JDBC repository, consider annotating your entities with one of these annotations: org.springframework.data.relational.core.mapping.Table.
2023-08-30T14:43:47.605+03:00  INFO 73045 --- [           main] .RepositoryConfigurationExtensionSupport : Spring Data JDBC - Could not safely identify store assignment for repository candidate interface allianz.healthtourism.repository.RoleRepository; If you want this repository to be a JDBC repository, consider annotating your entities with one of these annotations: org.springframework.data.relational.core.mapping.Table.
2023-08-30T14:43:47.605+03:00  INFO 73045 --- [           main] .RepositoryConfigurationExtensionSupport : Spring Data JDBC - Could not safely identify store assignment for repository candidate interface allianz.healthtourism.repository.TravelPlanRepository; If you want this repository to be a JDBC repository, consider annotating your entities with one of these annotations: org.springframework.data.relational.core.mapping.Table.
2023-08-30T14:43:47.606+03:00  INFO 73045 --- [           main] .RepositoryConfigurationExtensionSupport : Spring Data JDBC - Could not safely identify store assignment for repository candidate interface allianz.healthtourism.repository.UserRepository; If you want this repository to be a JDBC repository, consider annotating your entities with one of these annotations: org.springframework.data.relational.core.mapping.Table.
2023-08-30T14:43:47.606+03:00  INFO 73045 --- [           main] .s.d.r.c.RepositoryConfigurationDelegate : Finished Spring Data repository scanning in 24 ms. Found 0 JDBC repository interfaces.
2023-08-30T14:43:47.613+03:00  INFO 73045 --- [           main] .s.d.r.c.RepositoryConfigurationDelegate : Multiple Spring Data modules found, entering strict repository configuration mode
2023-08-30T14:43:47.614+03:00  INFO 73045 --- [           main] .s.d.r.c.RepositoryConfigurationDelegate : Bootstrapping Spring Data JPA repositories in DEFAULT mode.
2023-08-30T14:43:47.635+03:00  INFO 73045 --- [           main] .s.d.r.c.RepositoryConfigurationDelegate : Finished Spring Data repository scanning in 19 ms. Found 10 JPA repository interfaces.
2023-08-30T14:43:47.921+03:00  INFO 73045 --- [           main] o.hibernate.jpa.internal.util.LogHelper  : HHH000204: Processing PersistenceUnitInfo [name: default]
2023-08-30T14:43:47.959+03:00  INFO 73045 --- [           main] org.hibernate.Version                    : HHH000412: Hibernate ORM core version 6.2.6.Final
2023-08-30T14:43:47.961+03:00  INFO 73045 --- [           main] org.hibernate.cfg.Environment            : HHH000406: Using bytecode reflection optimizer
2023-08-30T14:43:47.964+03:00  WARN 73045 --- [           main] org.hibernate.orm.deprecation            : HHH90000021: Encountered deprecated setting [javax.persistence.validation.mode], use [jakarta.persistence.validation.mode] instead
2023-08-30T14:43:48.039+03:00  INFO 73045 --- [           main] o.h.b.i.BytecodeProviderInitiator        : HHH000021: Bytecode provider name : bytebuddy
2023-08-30T14:43:48.112+03:00  INFO 73045 --- [           main] o.s.o.j.p.SpringPersistenceUnitInfo      : No LoadTimeWeaver setup: ignoring JPA class transformer
2023-08-30T14:43:48.124+03:00  INFO 73045 --- [           main] com.zaxxer.hikari.HikariDataSource       : HikariPool-1 - Starting...
2023-08-30T14:43:48.185+03:00  INFO 73045 --- [           main] com.zaxxer.hikari.pool.HikariPool        : HikariPool-1 - Added connection org.postgresql.jdbc.PgConnection@54463380
2023-08-30T14:43:48.186+03:00  INFO 73045 --- [           main] com.zaxxer.hikari.HikariDataSource       : HikariPool-1 - Start completed.
2023-08-30T14:43:48.329+03:00  INFO 73045 --- [           main] o.h.b.i.BytecodeProviderInitiator        : HHH000021: Bytecode provider name : bytebuddy
2023-08-30T14:43:48.740+03:00  INFO 73045 --- [           main] o.h.e.t.j.p.i.JtaPlatformInitiator       : HHH000490: Using JtaPlatform implementation: [org.hibernate.engine.transaction.jta.platform.internal.NoJtaPlatform]
2023-08-30T14:43:48.874+03:00  INFO 73045 --- [           main] j.LocalContainerEntityManagerFactoryBean : Initialized JPA EntityManagerFactory for persistence unit 'default'
2023-08-30T14:43:49.376+03:00  WARN 73045 --- [           main] JpaBaseConfiguration$JpaWebConfiguration : spring.jpa.open-in-view is enabled by default. Therefore, database queries may be performed during view rendering. Explicitly configure spring.jpa.open-in-view to disable this warning
2023-08-30T14:43:49.426+03:00  INFO 73045 --- [           main] o.s.s.web.DefaultSecurityFilterChain     : Will secure any request with [org.springframework.security.web.session.DisableEncodeUrlFilter@230dd372, org.springframework.security.web.context.request.async.WebAsyncManagerIntegrationFilter@663cc8c9, org.springframework.security.web.context.SecurityContextHolderFilter@6908674b, org.springframework.security.web.header.HeaderWriterFilter@f5a680, org.springframework.web.filter.CorsFilter@51c15508, org.springframework.security.web.authentication.logout.LogoutFilter@20f3291d, allianz.healthtourism.security.JWTFilter@71c74011, org.springframework.security.web.savedrequest.RequestCacheAwareFilter@4b74a4d, org.springframework.security.web.servletapi.SecurityContextHolderAwareRequestFilter@68024e57, org.springframework.security.web.authentication.AnonymousAuthenticationFilter@164cad52, org.springframework.security.web.session.SessionManagementFilter@6421bc7e, org.springframework.security.web.access.ExceptionTranslationFilter@5cfde2a4, org.springframework.security.web.access.intercept.AuthorizationFilter@2eed6331]
2023-08-30T14:43:49.756+03:00  INFO 73045 --- [           main] a.h.HealthTourismApplicationTests        : Started HealthTourismApplicationTests in 2.898 seconds (process running for 3.384)
]]></system-out>
  </testcase>
</testsuite>